This file contains any messages produced by compilers while
running configure, to aid debugging if configure makes a mistake.

It was created by configure, which was
generated by GNU Autoconf 2.59.  Invocation command line was

  $ ./configure 

## --------- ##
## Platform. ##
## --------- ##

hostname = toup-GL62M-7RDX
uname -m = x86_64
uname -r = 6.8.0-94-generic
uname -s = Linux
uname -v = #96-Ubuntu SMP PREEMPT_DYNAMIC Fri Jan  9 20:36:55 UTC 2026

/usr/bin/uname -p = x86_64
/bin/uname -X     = unknown

/bin/arch              = x86_64
/usr/bin/arch -k       = unknown
/usr/convex/getsysinfo = unknown
hostinfo               = unknown
/bin/machine           = unknown
/usr/bin/oslevel       = unknown
/bin/universe          = unknown

PATH: /usr/local/sbin
PATH: /usr/local/bin
PATH: /usr/sbin
PATH: /usr/bin
PATH: /sbin
PATH: /bin
PATH: /usr/games
PATH: /usr/local/games
PATH: /snap/bin
PATH: /snap/bin


## ----------- ##
## Core tests. ##
## ----------- ##

configure:1540: checking for a BSD-compatible install
configure:1595: result: /usr/bin/install -c
configure:1606: checking whether build environment is sane
configure:1649: result: yes
configure:1714: checking for gawk
configure:1743: result: no
configure:1714: checking for mawk
configure:1730: found /usr/bin/mawk
configure:1740: result: mawk
configure:1750: checking whether make sets $(MAKE)
configure:1770: result: yes
configure:1940: checking whether to enable maintainer-specific portions of Makefiles
configure:1949: result: no
configure:1981: checking for style of include used by make
configure:2009: result: GNU
configure:2080: checking for gcc
configure:2096: found /usr/bin/gcc
configure:2106: result: gcc
configure:2350: checking for C compiler version
configure:2353: gcc --version </dev/null >&5
gcc (Ubuntu 13.3.0-6ubuntu2~24.04) 13.3.0
Copyright (C) 2023 Free Software Foundation, Inc.
This is free software; see the source for copying conditions.  There is NO
warranty; not even for MERCHANTABILITY or FITNESS FOR A PARTICULAR PURPOSE.

configure:2356: $? = 0
configure:2358: gcc -v </dev/null >&5
Using built-in specs.
COLLECT_GCC=gcc
COLLECT_LTO_WRAPPER=/usr/libexec/gcc/x86_64-linux-gnu/13/lto-wrapper
OFFLOAD_TARGET_NAMES=nvptx-none:amdgcn-amdhsa
OFFLOAD_TARGET_DEFAULT=1
Target: x86_64-linux-gnu
Configured with: ../src/configure -v --with-pkgversion='Ubuntu 13.3.0-6ubuntu2~24.04' --with-bugurl=file:///usr/share/doc/gcc-13/README.Bugs --enable-languages=c,ada,c++,go,d,fortran,objc,obj-c++,m2 --prefix=/usr --with-gcc-major-version-only --program-suffix=-13 --program-prefix=x86_64-linux-gnu- --enable-shared --enable-linker-build-id --libexecdir=/usr/libexec --without-included-gettext --enable-threads=posix --libdir=/usr/lib --enable-nls --enable-bootstrap --enable-clocale=gnu --enable-libstdcxx-debug --enable-libstdcxx-time=yes --with-default-libstdcxx-abi=new --enable-libstdcxx-backtrace --enable-gnu-unique-object --disable-vtable-verify --enable-plugin --enable-default-pie --with-system-zlib --enable-libphobos-checking=release --with-target-system-zlib=auto --enable-objc-gc=auto --enable-multiarch --disable-werror --enable-cet --with-arch-32=i686 --with-abi=m64 --with-multilib-list=m32,m64,mx32 --enable-multilib --with-tune=generic --enable-offload-targets=nvptx-none=/build/gcc-13-fG75Ri/gcc-13-13.3.0/debian/tmp-nvptx/usr,amdgcn-amdhsa=/build/gcc-13-fG75Ri/gcc-13-13.3.0/debian/tmp-gcn/usr --enable-offload-defaulted --without-cuda-driver --enable-checking=release --build=x86_64-linux-gnu --host=x86_64-linux-gnu --target=x86_64-linux-gnu --with-build-config=bootstrap-lto-lean --enable-link-serialization=2
Thread model: posix
Supported LTO compression algorithms: zlib zstd
gcc version 13.3.0 (Ubuntu 13.3.0-6ubuntu2~24.04) 
configure:2361: $? = 0
configure:2363: gcc -V </dev/null >&5
gcc: error: unrecognized command-line option '-V'
gcc: fatal error: no input files
compilation terminated.
configure:2366: $? = 1
configure:2389: checking for C compiler default output file name
configure:2392: gcc    conftest.c  >&5
configure:2395: $? = 0
configure:2441: result: a.out
configure:2446: checking whether the C compiler works
configure:2452: ./a.out
configure:2455: $? = 0
configure:2472: result: yes
configure:2479: checking whether we are cross compiling
configure:2481: result: no
configure:2484: checking for suffix of executables
configure:2486: gcc -o conftest    conftest.c  >&5
configure:2489: $? = 0
configure:2514: result: 
configure:2520: checking for suffix of object files
configure:2541: gcc -c   conftest.c >&5
configure:2544: $? = 0
configure:2566: result: o
configure:2570: checking whether we are using the GNU C compiler
configure:2594: gcc -c   conftest.c >&5
configure:2600: $? = 0
configure:2604: test -z 
			 || test ! -s conftest.err
configure:2607: $? = 0
configure:2610: test -s conftest.o
configure:2613: $? = 0
configure:2626: result: yes
configure:2632: checking whether gcc accepts -g
configure:2653: gcc -c -g  conftest.c >&5
configure:2659: $? = 0
configure:2663: test -z 
			 || test ! -s conftest.err
configure:2666: $? = 0
configure:2669: test -s conftest.o
configure:2672: $? = 0
configure:2683: result: yes
configure:2700: checking for gcc option to accept ANSI C
configure:2770: gcc  -c -g -O2  conftest.c >&5
configure:2776: $? = 0
configure:2780: test -z 
			 || test ! -s conftest.err
configure:2783: $? = 0
configure:2786: test -s conftest.o
configure:2789: $? = 0
configure:2807: result: none needed
configure:2825: gcc -c -g -O2  conftest.c >&5
conftest.c:2:3: error: unknown type name 'choke'
    2 |   choke me
      |   ^~~~~
conftest.c:2:3: error: expected '=', ',', ';', 'asm' or '__attribute__' at end of input
configure:2831: $? = 1
configure: failed program was:
| #ifndef __cplusplus
|   choke me
| #endif
configure:2966: checking dependency style of gcc
configure:3056: result: gcc3
configure:3074: checking for library containing strerror
configure:3104: gcc -o conftest -g -O2   conftest.c  >&5
configure:3110: $? = 0
configure:3114: test -z 
			 || test ! -s conftest.err
configure:3117: $? = 0
configure:3120: test -s conftest
configure:3123: $? = 0
configure:3193: result: none required
configure:3246: checking for gcc
configure:3272: result: gcc
configure:3516: checking for C compiler version
configure:3519: gcc --version </dev/null >&5
gcc (Ubuntu 13.3.0-6ubuntu2~24.04) 13.3.0
Copyright (C) 2023 Free Software Foundation, Inc.
This is free software; see the source for copying conditions.  There is NO
warranty; not even for MERCHANTABILITY or FITNESS FOR A PARTICULAR PURPOSE.

configure:3522: $? = 0
configure:3524: gcc -v </dev/null >&5
Using built-in specs.
COLLECT_GCC=gcc
COLLECT_LTO_WRAPPER=/usr/libexec/gcc/x86_64-linux-gnu/13/lto-wrapper
OFFLOAD_TARGET_NAMES=nvptx-none:amdgcn-amdhsa
OFFLOAD_TARGET_DEFAULT=1
Target: x86_64-linux-gnu
Configured with: ../src/configure -v --with-pkgversion='Ubuntu 13.3.0-6ubuntu2~24.04' --with-bugurl=file:///usr/share/doc/gcc-13/README.Bugs --enable-languages=c,ada,c++,go,d,fortran,objc,obj-c++,m2 --prefix=/usr --with-gcc-major-version-only --program-suffix=-13 --program-prefix=x86_64-linux-gnu- --enable-shared --enable-linker-build-id --libexecdir=/usr/libexec --without-included-gettext --enable-threads=posix --libdir=/usr/lib --enable-nls --enable-bootstrap --enable-clocale=gnu --enable-libstdcxx-debug --enable-libstdcxx-time=yes --with-default-libstdcxx-abi=new --enable-libstdcxx-backtrace --enable-gnu-unique-object --disable-vtable-verify --enable-plugin --enable-default-pie --with-system-zlib --enable-libphobos-checking=release --with-target-system-zlib=auto --enable-objc-gc=auto --enable-multiarch --disable-werror --enable-cet --with-arch-32=i686 --with-abi=m64 --with-multilib-list=m32,m64,mx32 --enable-multilib --with-tune=generic --enable-offload-targets=nvptx-none=/build/gcc-13-fG75Ri/gcc-13-13.3.0/debian/tmp-nvptx/usr,amdgcn-amdhsa=/build/gcc-13-fG75Ri/gcc-13-13.3.0/debian/tmp-gcn/usr --enable-offload-defaulted --without-cuda-driver --enable-checking=release --build=x86_64-linux-gnu --host=x86_64-linux-gnu --target=x86_64-linux-gnu --with-build-config=bootstrap-lto-lean --enable-link-serialization=2
Thread model: posix
Supported LTO compression algorithms: zlib zstd
gcc version 13.3.0 (Ubuntu 13.3.0-6ubuntu2~24.04) 
configure:3527: $? = 0
configure:3529: gcc -V </dev/null >&5
gcc: error: unrecognized command-line option '-V'
gcc: fatal error: no input files
compilation terminated.
configure:3532: $? = 1
configure:3535: checking whether we are using the GNU C compiler
configure:3591: result: yes
configure:3597: checking whether gcc accepts -g
configure:3648: result: yes
configure:3665: checking for gcc option to accept ANSI C
configure:3772: result: none needed
configure:3790: gcc -c -g -O2  conftest.c >&5
conftest.c:2:3: error: unknown type name 'choke'
    2 |   choke me
      |   ^~~~~
conftest.c:2:3: error: expected '=', ',', ';', 'asm' or '__attribute__' at end of input
configure:3796: $? = 1
configure: failed program was:
| #ifndef __cplusplus
|   choke me
| #endif
configure:3931: checking dependency style of gcc
configure:4021: result: gcc3
configure:4084: checking for gcc
configure:4110: result: gcc
configure:4354: checking for C compiler version
configure:4357: gcc --version </dev/null >&5
gcc (Ubuntu 13.3.0-6ubuntu2~24.04) 13.3.0
Copyright (C) 2023 Free Software Foundation, Inc.
This is free software; see the source for copying conditions.  There is NO
warranty; not even for MERCHANTABILITY or FITNESS FOR A PARTICULAR PURPOSE.

configure:4360: $? = 0
configure:4362: gcc -v </dev/null >&5
Using built-in specs.
COLLECT_GCC=gcc
COLLECT_LTO_WRAPPER=/usr/libexec/gcc/x86_64-linux-gnu/13/lto-wrapper
OFFLOAD_TARGET_NAMES=nvptx-none:amdgcn-amdhsa
OFFLOAD_TARGET_DEFAULT=1
Target: x86_64-linux-gnu
Configured with: ../src/configure -v --with-pkgversion='Ubuntu 13.3.0-6ubuntu2~24.04' --with-bugurl=file:///usr/share/doc/gcc-13/README.Bugs --enable-languages=c,ada,c++,go,d,fortran,objc,obj-c++,m2 --prefix=/usr --with-gcc-major-version-only --program-suffix=-13 --program-prefix=x86_64-linux-gnu- --enable-shared --enable-linker-build-id --libexecdir=/usr/libexec --without-included-gettext --enable-threads=posix --libdir=/usr/lib --enable-nls --enable-bootstrap --enable-clocale=gnu --enable-libstdcxx-debug --enable-libstdcxx-time=yes --with-default-libstdcxx-abi=new --enable-libstdcxx-backtrace --enable-gnu-unique-object --disable-vtable-verify --enable-plugin --enable-default-pie --with-system-zlib --enable-libphobos-checking=release --with-target-system-zlib=auto --enable-objc-gc=auto --enable-multiarch --disable-werror --enable-cet --with-arch-32=i686 --with-abi=m64 --with-multilib-list=m32,m64,mx32 --enable-multilib --with-tune=generic --enable-offload-targets=nvptx-none=/build/gcc-13-fG75Ri/gcc-13-13.3.0/debian/tmp-nvptx/usr,amdgcn-amdhsa=/build/gcc-13-fG75Ri/gcc-13-13.3.0/debian/tmp-gcn/usr --enable-offload-defaulted --without-cuda-driver --enable-checking=release --build=x86_64-linux-gnu --host=x86_64-linux-gnu --target=x86_64-linux-gnu --with-build-config=bootstrap-lto-lean --enable-link-serialization=2
Thread model: posix
Supported LTO compression algorithms: zlib zstd
gcc version 13.3.0 (Ubuntu 13.3.0-6ubuntu2~24.04) 
configure:4365: $? = 0
configure:4367: gcc -V </dev/null >&5
gcc: error: unrecognized command-line option '-V'
gcc: fatal error: no input files
compilation terminated.
configure:4370: $? = 1
configure:4373: checking whether we are using the GNU C compiler
configure:4429: result: yes
configure:4435: checking whether gcc accepts -g
configure:4486: result: yes
configure:4503: checking for gcc option to accept ANSI C
configure:4610: result: none needed
configure:4628: gcc -c -g -O2  conftest.c >&5
conftest.c:2:3: error: unknown type name 'choke'
    2 |   choke me
      |   ^~~~~
conftest.c:2:3: error: expected '=', ',', ';', 'asm' or '__attribute__' at end of input
configure:4634: $? = 1
configure: failed program was:
| #ifndef __cplusplus
|   choke me
| #endif
configure:4769: checking dependency style of gcc
configure:4859: result: gcc3
configure:4884: checking how to run the C preprocessor
configure:4919: gcc -E  conftest.c
configure:4925: $? = 0
configure:4957: gcc -E  conftest.c
conftest.c:11:10: fatal error: ac_nonexistent.h: No such file or directory
   11 | #include <ac_nonexistent.h>
      |          ^~~~~~~~~~~~~~~~~~
compilation terminated.
configure:4963: $? = 1
configure: failed program was:
| /* confdefs.h.  */
| 
| #define PACKAGE_NAME ""
| #define PACKAGE_TARNAME ""
| #define PACKAGE_VERSION ""
| #define PACKAGE_STRING ""
| #define PACKAGE_BUGREPORT ""
| #define PACKAGE "jamin"
| #define VERSION "0.95.0"
| /* end confdefs.h.  */
| #include <ac_nonexistent.h>
configure:5002: result: gcc -E
configure:5026: gcc -E  conftest.c
configure:5032: $? = 0
configure:5064: gcc -E  conftest.c
conftest.c:11:10: fatal error: ac_nonexistent.h: No such file or directory
   11 | #include <ac_nonexistent.h>
      |          ^~~~~~~~~~~~~~~~~~
compilation terminated.
configure:5070: $? = 1
configure: failed program was:
| /* confdefs.h.  */
| 
| #define PACKAGE_NAME ""
| #define PACKAGE_TARNAME ""
| #define PACKAGE_VERSION ""
| #define PACKAGE_STRING ""
| #define PACKAGE_BUGREPORT ""
| #define PACKAGE "jamin"
| #define VERSION "0.95.0"
| /* end confdefs.h.  */
| #include <ac_nonexistent.h>
configure:5114: checking for egrep
configure:5124: result: grep -E
configure:5129: checking for ANSI C header files
configure:5154: gcc -c -g -O2  conftest.c >&5
configure:5160: $? = 0
configure:5164: test -z 
			 || test ! -s conftest.err
configure:5167: $? = 0
configure:5170: test -s conftest.o
configure:5173: $? = 0
configure:5262: gcc -o conftest -g -O2   conftest.c  >&5
conftest.c: In function 'main':
conftest.c:28:7: warning: implicit declaration of function 'exit' [-Wimplicit-function-declaration]
   28 |       exit(2);
      |       ^~~~
conftest.c:12:1: note: include '<stdlib.h>' or provide a declaration of 'exit'
   11 | #include <ctype.h>
  +++ |+#include <stdlib.h>
   12 | #if ((' ' & 0x0FF) == 0x020)
conftest.c:28:7: warning: incompatible implicit declaration of built-in function 'exit' [-Wbuiltin-declaration-mismatch]
   28 |       exit(2);
      |       ^~~~
conftest.c:28:7: note: include '<stdlib.h>' or provide a declaration of 'exit'
conftest.c:29:3: warning: incompatible implicit declaration of built-in function 'exit' [-Wbuiltin-declaration-mismatch]
   29 |   exit (0);
      |   ^~~~
conftest.c:29:3: note: include '<stdlib.h>' or provide a declaration of 'exit'
configure:5265: $? = 0
configure:5267: ./conftest
configure:5270: $? = 0
configure:5285: result: yes
configure:5295: checking for an ANSI C-conforming const
configure:5362: gcc -c -g -O2  conftest.c >&5
configure:5368: $? = 0
configure:5372: test -z 
			 || test ! -s conftest.err
configure:5375: $? = 0
configure:5378: test -s conftest.o
configure:5381: $? = 0
configure:5392: result: yes
configure:5402: checking for working volatile
configure:5425: gcc -c -g -O2  conftest.c >&5
configure:5431: $? = 0
configure:5435: test -z 
			 || test ! -s conftest.err
configure:5438: $? = 0
configure:5441: test -s conftest.o
configure:5444: $? = 0
configure:5455: result: yes
configure:5465: checking for inline
configure:5486: gcc -c -g -O2  conftest.c >&5
configure:5492: $? = 0
configure:5496: test -z 
			 || test ! -s conftest.err
configure:5499: $? = 0
configure:5502: test -s conftest.o
configure:5505: $? = 0
configure:5517: result: inline
configure:5616: checking build system type
configure:5634: result: x86_64-unknown-linux-gnu
configure:5642: checking host system type
configure:5656: result: x86_64-unknown-linux-gnu
configure:5664: checking for a sed that does not truncate output
configure:5718: result: /usr/bin/sed
configure:5732: checking for ld used by gcc
configure:5799: result: /usr/bin/ld
configure:5808: checking if the linker (/usr/bin/ld) is GNU ld
configure:5823: result: yes
configure:5828: checking for /usr/bin/ld option to reload object files
configure:5835: result: -r
configure:5844: checking for BSD-compatible nm
configure:5886: result: /usr/bin/nm -B
configure:5890: checking whether ln -s works
configure:5894: result: yes
configure:5901: checking how to recognise dependent libraries
configure:6084: result: pass_all
configure:6168: gcc -c -g -O2  conftest.c >&5
configure:6171: $? = 0
configure:6306: checking for sys/types.h
configure:6322: gcc -c -g -O2  conftest.c >&5
configure:6328: $? = 0
configure:6332: test -z 
			 || test ! -s conftest.err
configure:6335: $? = 0
configure:6338: test -s conftest.o
configure:6341: $? = 0
configure:6352: result: yes
configure:6306: checking for sys/stat.h
configure:6322: gcc -c -g -O2  conftest.c >&5
configure:6328: $? = 0
configure:6332: test -z 
			 || test ! -s conftest.err
configure:6335: $? = 0
configure:6338: test -s conftest.o
configure:6341: $? = 0
configure:6352: result: yes
configure:6306: checking for stdlib.h
configure:6322: gcc -c -g -O2  conftest.c >&5
configure:6328: $? = 0
configure:6332: test -z 
			 || test ! -s conftest.err
configure:6335: $? = 0
configure:6338: test -s conftest.o
configure:6341: $? = 0
configure:6352: result: yes
configure:6306: checking for string.h
configure:6322: gcc -c -g -O2  conftest.c >&5
configure:6328: $? = 0
configure:6332: test -z 
			 || test ! -s conftest.err
configure:6335: $? = 0
configure:6338: test -s conftest.o
configure:6341: $? = 0
configure:6352: result: yes
configure:6306: checking for memory.h
configure:6322: gcc -c -g -O2  conftest.c >&5
configure:6328: $? = 0
configure:6332: test -z 
			 || test ! -s conftest.err
configure:6335: $? = 0
configure:6338: test -s conftest.o
configure:6341: $? = 0
configure:6352: result: yes
configure:6306: checking for strings.h
configure:6322: gcc -c -g -O2  conftest.c >&5
configure:6328: $? = 0
configure:6332: test -z 
			 || test ! -s conftest.err
configure:6335: $? = 0
configure:6338: test -s conftest.o
configure:6341: $? = 0
configure:6352: result: yes
configure:6306: checking for inttypes.h
configure:6322: gcc -c -g -O2  conftest.c >&5
configure:6328: $? = 0
configure:6332: test -z 
			 || test ! -s conftest.err
configure:6335: $? = 0
configure:6338: test -s conftest.o
configure:6341: $? = 0
configure:6352: result: yes
configure:6306: checking for stdint.h
configure:6322: gcc -c -g -O2  conftest.c >&5
configure:6328: $? = 0
configure:6332: test -z 
			 || test ! -s conftest.err
configure:6335: $? = 0
configure:6338: test -s conftest.o
configure:6341: $? = 0
configure:6352: result: yes
configure:6306: checking for unistd.h
configure:6322: gcc -c -g -O2  conftest.c >&5
configure:6328: $? = 0
configure:6332: test -z 
			 || test ! -s conftest.err
configure:6335: $? = 0
configure:6338: test -s conftest.o
configure:6341: $? = 0
configure:6352: result: yes
configure:6378: checking dlfcn.h usability
configure:6390: gcc -c -g -O2  conftest.c >&5
configure:6396: $? = 0
configure:6400: test -z 
			 || test ! -s conftest.err
configure:6403: $? = 0
configure:6406: test -s conftest.o
configure:6409: $? = 0
configure:6419: result: yes
configure:6423: checking dlfcn.h presence
configure:6433: gcc -E  conftest.c
configure:6439: $? = 0
configure:6459: result: yes
configure:6494: checking for dlfcn.h
configure:6501: result: yes
configure:6566: checking for g++
configure:6582: found /usr/bin/g++
configure:6592: result: g++
configure:6608: checking for C++ compiler version
configure:6611: g++ --version </dev/null >&5
g++ (Ubuntu 13.3.0-6ubuntu2~24.04) 13.3.0
Copyright (C) 2023 Free Software Foundation, Inc.
This is free software; see the source for copying conditions.  There is NO
warranty; not even for MERCHANTABILITY or FITNESS FOR A PARTICULAR PURPOSE.

configure:6614: $? = 0
configure:6616: g++ -v </dev/null >&5
Using built-in specs.
COLLECT_GCC=g++
COLLECT_LTO_WRAPPER=/usr/libexec/gcc/x86_64-linux-gnu/13/lto-wrapper
OFFLOAD_TARGET_NAMES=nvptx-none:amdgcn-amdhsa
OFFLOAD_TARGET_DEFAULT=1
Target: x86_64-linux-gnu
Configured with: ../src/configure -v --with-pkgversion='Ubuntu 13.3.0-6ubuntu2~24.04' --with-bugurl=file:///usr/share/doc/gcc-13/README.Bugs --enable-languages=c,ada,c++,go,d,fortran,objc,obj-c++,m2 --prefix=/usr --with-gcc-major-version-only --program-suffix=-13 --program-prefix=x86_64-linux-gnu- --enable-shared --enable-linker-build-id --libexecdir=/usr/libexec --without-included-gettext --enable-threads=posix --libdir=/usr/lib --enable-nls --enable-bootstrap --enable-clocale=gnu --enable-libstdcxx-debug --enable-libstdcxx-time=yes --with-default-libstdcxx-abi=new --enable-libstdcxx-backtrace --enable-gnu-unique-object --disable-vtable-verify --enable-plugin --enable-default-pie --with-system-zlib --enable-libphobos-checking=release --with-target-system-zlib=auto --enable-objc-gc=auto --enable-multiarch --disable-werror --enable-cet --with-arch-32=i686 --with-abi=m64 --with-multilib-list=m32,m64,mx32 --enable-multilib --with-tune=generic --enable-offload-targets=nvptx-none=/build/gcc-13-fG75Ri/gcc-13-13.3.0/debian/tmp-nvptx/usr,amdgcn-amdhsa=/build/gcc-13-fG75Ri/gcc-13-13.3.0/debian/tmp-gcn/usr --enable-offload-defaulted --without-cuda-driver --enable-checking=release --build=x86_64-linux-gnu --host=x86_64-linux-gnu --target=x86_64-linux-gnu --with-build-config=bootstrap-lto-lean --enable-link-serialization=2
Thread model: posix
Supported LTO compression algorithms: zlib zstd
gcc version 13.3.0 (Ubuntu 13.3.0-6ubuntu2~24.04) 
configure:6619: $? = 0
configure:6621: g++ -V </dev/null >&5
g++: error: unrecognized command-line option '-V'
g++: fatal error: no input files
compilation terminated.
configure:6624: $? = 1
configure:6627: checking whether we are using the GNU C++ compiler
configure:6651: g++ -c   conftest.cc >&5
configure:6657: $? = 0
configure:6661: test -z 
			 || test ! -s conftest.err
configure:6664: $? = 0
configure:6667: test -s conftest.o
configure:6670: $? = 0
configure:6683: result: yes
configure:6689: checking whether g++ accepts -g
configure:6710: g++ -c -g  conftest.cc >&5
configure:6716: $? = 0
configure:6720: test -z 
			 || test ! -s conftest.err
configure:6723: $? = 0
configure:6726: test -s conftest.o
configure:6729: $? = 0
configure:6740: result: yes
configure:6782: g++ -c -g -O2  conftest.cc >&5
configure:6788: $? = 0
configure:6792: test -z 
			 || test ! -s conftest.err
configure:6795: $? = 0
configure:6798: test -s conftest.o
configure:6801: $? = 0
configure:6827: g++ -c -g -O2  conftest.cc >&5
conftest.cc: In function 'int main()':
conftest.cc:26:1: error: 'exit' was not declared in this scope
   26 | exit (42);
      | ^~~~
conftest.cc:1:1: note: 'exit' is defined in header '<cstdlib>'; did you forget to '#include <cstdlib>'?
    1 | /* confdefs.h.  */
configure:6833: $? = 1
configure: failed program was:
| /* confdefs.h.  */
| 
| #define PACKAGE_NAME ""
| #define PACKAGE_TARNAME ""
| #define PACKAGE_VERSION ""
| #define PACKAGE_STRING ""
| #define PACKAGE_BUGREPORT ""
| #define PACKAGE "jamin"
| #define VERSION "0.95.0"
| #define STDC_HEADERS 1
| #define HAVE_SYS_TYPES_H 1
| #define HAVE_SYS_STAT_H 1
| #define HAVE_STDLIB_H 1
| #define HAVE_STRING_H 1
| #define HAVE_MEMORY_H 1
| #define HAVE_STRINGS_H 1
| #define HAVE_INTTYPES_H 1
| #define HAVE_STDINT_H 1
| #define HAVE_UNISTD_H 1
| #define HAVE_DLFCN_H 1
| /* end confdefs.h.  */
| 
| int
| main ()
| {
| exit (42);
|   ;
|   return 0;
| }
configure:6782: g++ -c -g -O2  conftest.cc >&5
conftest.cc:22:17: warning: 'void std::exit(int)' has not been declared within 'std'
   22 | extern "C" void std::exit (int) throw (); using std::exit;
      |                 ^~~
<built-in>: note: only here as a 'friend'
configure:6788: $? = 0
configure:6792: test -z 
			 || test ! -s conftest.err
configure:6795: $? = 0
configure:6798: test -s conftest.o
configure:6801: $? = 0
configure:6827: g++ -c -g -O2  conftest.cc >&5
conftest.cc:22:17: warning: 'void std::exit(int)' has not been declared within 'std'
   22 | extern "C" void std::exit (int) throw (); using std::exit;
      |                 ^~~
<built-in>: note: only here as a 'friend'
configure:6833: $? = 0
configure:6837: test -z 
			 || test ! -s conftest.err
configure:6840: $? = 0
configure:6843: test -s conftest.o
configure:6846: $? = 0
configure:6871: checking dependency style of g++
configure:6961: result: gcc3
configure:6983: checking how to run the C++ preprocessor
configure:7014: g++ -E  conftest.cc
configure:7020: $? = 0
configure:7052: g++ -E  conftest.cc
conftest.cc:25:10: fatal error: ac_nonexistent.h: No such file or directory
   25 | #include <ac_nonexistent.h>
      |          ^~~~~~~~~~~~~~~~~~
compilation terminated.
configure:7058: $? = 1
configure: failed program was:
| /* confdefs.h.  */
| 
| #define PACKAGE_NAME ""
| #define PACKAGE_TARNAME ""
| #define PACKAGE_VERSION ""
| #define PACKAGE_STRING ""
| #define PACKAGE_BUGREPORT ""
| #define PACKAGE "jamin"
| #define VERSION "0.95.0"
| #define STDC_HEADERS 1
| #define HAVE_SYS_TYPES_H 1
| #define HAVE_SYS_STAT_H 1
| #define HAVE_STDLIB_H 1
| #define HAVE_STRING_H 1
| #define HAVE_MEMORY_H 1
| #define HAVE_STRINGS_H 1
| #define HAVE_INTTYPES_H 1
| #define HAVE_STDINT_H 1
| #define HAVE_UNISTD_H 1
| #define HAVE_DLFCN_H 1
| #ifdef __cplusplus
| extern "C" void std::exit (int) throw (); using std::exit;
| #endif
| /* end confdefs.h.  */
| #include <ac_nonexistent.h>
configure:7097: result: g++ -E
configure:7121: g++ -E  conftest.cc
configure:7127: $? = 0
configure:7159: g++ -E  conftest.cc
conftest.cc:25:10: fatal error: ac_nonexistent.h: No such file or directory
   25 | #include <ac_nonexistent.h>
      |          ^~~~~~~~~~~~~~~~~~
compilation terminated.
configure:7165: $? = 1
configure: failed program was:
| /* confdefs.h.  */
| 
| #define PACKAGE_NAME ""
| #define PACKAGE_TARNAME ""
| #define PACKAGE_VERSION ""
| #define PACKAGE_STRING ""
| #define PACKAGE_BUGREPORT ""
| #define PACKAGE "jamin"
| #define VERSION "0.95.0"
| #define STDC_HEADERS 1
| #define HAVE_SYS_TYPES_H 1
| #define HAVE_SYS_STAT_H 1
| #define HAVE_STDLIB_H 1
| #define HAVE_STRING_H 1
| #define HAVE_MEMORY_H 1
| #define HAVE_STRINGS_H 1
| #define HAVE_INTTYPES_H 1
| #define HAVE_STDINT_H 1
| #define HAVE_UNISTD_H 1
| #define HAVE_DLFCN_H 1
| #ifdef __cplusplus
| extern "C" void std::exit (int) throw (); using std::exit;
| #endif
| /* end confdefs.h.  */
| #include <ac_nonexistent.h>
configure:7260: checking for g77
configure:7289: result: no
configure:7260: checking for f77
configure:7289: result: no
configure:7260: checking for xlf
configure:7289: result: no
configure:7260: checking for frt
configure:7289: result: no
configure:7260: checking for pgf77
configure:7289: result: no
configure:7260: checking for fort77
configure:7289: result: no
configure:7260: checking for fl32
configure:7289: result: no
configure:7260: checking for af77
configure:7289: result: no
configure:7260: checking for f90
configure:7289: result: no
configure:7260: checking for xlf90
configure:7289: result: no
configure:7260: checking for pgf90
configure:7289: result: no
configure:7260: checking for epcf90
configure:7289: result: no
configure:7260: checking for f95
configure:7289: result: no
configure:7260: checking for fort
configure:7289: result: no
configure:7260: checking for xlf95
configure:7289: result: no
configure:7260: checking for ifc
configure:7289: result: no
configure:7260: checking for efc
configure:7289: result: no
configure:7260: checking for pgf95
configure:7289: result: no
configure:7260: checking for lf95
configure:7289: result: no
configure:7260: checking for gfortran
configure:7289: result: no
configure:7301: checking for Fortran 77 compiler version
configure:7304:  --version </dev/null >&5
./configure: line 7305: --version: command not found
configure:7307: $? = 127
configure:7309:  -v </dev/null >&5
./configure: line 7310: -v: command not found
configure:7312: $? = 127
configure:7314:  -V </dev/null >&5
./configure: line 7315: -V: command not found
configure:7317: $? = 127
configure:7325: checking whether we are using the GNU Fortran 77 compiler
configure:7339:  -c  conftest.F >&5
./configure: line 7340: -c: command not found
configure:7345: $? = 127
configure: failed program was:
|       program main
| #ifndef __GNUC__
|        choke me
| #endif
| 
|       end
configure:7371: result: no
configure:7377: checking whether  accepts -g
configure:7389:  -c -g conftest.f >&5
./configure: line 7390: -c: command not found
configure:7395: $? = 127
configure: failed program was:
|       program main
| 
|       end
configure:7420: result: no
configure:7450: checking the maximum length of command line arguments
configure:7515: result: 32768
configure:7526: checking command to parse /usr/bin/nm -B output from gcc object
configure:7615: gcc -c -g -O2  conftest.c >&5
configure:7618: $? = 0
configure:7622: /usr/bin/nm -B conftest.o \| sed -n -e 's/^.*[ 	]\([ABCDGIRSTW][ABCDGIRSTW]*\)[ 	][ 	]*\(\)\([_A-Za-z][_A-Za-z0-9]*\)$/\1 \2\3 \3/p' \> conftest.nm
configure:7625: $? = 0
configure:7677: gcc -o conftest -g -O2   conftest.c conftstm.o >&5
configure:7680: $? = 0
configure:7718: result: ok
configure:7722: checking for objdir
configure:7737: result: .libs
configure:7827: checking for ar
configure:7843: found /usr/bin/ar
configure:7854: result: ar
configure:7907: checking for ranlib
configure:7923: found /usr/bin/ranlib
configure:7934: result: ranlib
configure:7987: checking for strip
configure:8003: found /usr/bin/strip
configure:8014: result: strip
configure:8276: checking if gcc static flag  works
configure:8299: result: yes
configure:8317: checking if gcc supports -fno-rtti -fno-exceptions
configure:8335: gcc -c -g -O2  -fno-rtti -fno-exceptions conftest.c >&5
cc1: warning: command-line option '-fno-rtti' is valid for C++/D/ObjC++ but not for C
configure:8339: $? = 0
configure:8350: result: no
configure:8365: checking for gcc option to produce PIC
configure:8542: result: -fPIC
configure:8550: checking if gcc PIC flag -fPIC works
configure:8568: gcc -c -g -O2  -fPIC -DPIC conftest.c >&5
configure:8572: $? = 0
configure:8583: result: yes
configure:8607: checking if gcc supports -c -o file.o
configure:8628: gcc -c -g -O2  -o out/conftest2.o conftest.c >&5
configure:8632: $? = 0
configure:8652: result: yes
configure:8678: checking whether the gcc linker (/usr/bin/ld -m elf_x86_64) supports shared libraries
configure:9526: result: yes
configure:9552: checking whether -lc should be explicitly linked in
configure:9557: gcc -c -g -O2  conftest.c >&5
configure:9560: $? = 0
configure:9574: gcc -shared conftest.o  -v -Wl,-soname -Wl,conftest -o conftest 2\>\&1 \| grep  -lc  \>/dev/null 2\>\&1
configure:9577: $? = 0
configure:9589: result: no
configure:9597: checking dynamic linker characteristics
configure:9963: gcc -c -g -O2  conftest.c >&5
configure:9966: $? = 0
configure:10158: result: GNU/Linux ld.so
configure:10162: checking how to hardcode library paths into programs
configure:10187: result: immediate
configure:10201: checking whether stripping libraries is possible
configure:10206: result: yes
configure:10332: checking for shl_load
configure:10389: gcc -o conftest -g -O2   conftest.c  >&5
/usr/bin/ld: /tmp/ccSEIcds.o: in function `main':
/home/toup/Downloads/jamin-0.95.0/conftest.c:65:(.text.startup+0x7): undefined reference to `shl_load'
/usr/bin/ld: /tmp/ccSEIcds.o:/home/toup/Downloads/jamin-0.95.0/conftest.c:56:(.data.rel+0x0): undefined reference to `shl_load'
collect2: error: ld returned 1 exit status
configure:10395: $? = 1
configure: failed program was:
| /* confdefs.h.  */
| 
| #define PACKAGE_NAME ""
| #define PACKAGE_TARNAME ""
| #define PACKAGE_VERSION ""
| #define PACKAGE_STRING ""
| #define PACKAGE_BUGREPORT ""
| #define PACKAGE "jamin"
| #define VERSION "0.95.0"
| #define STDC_HEADERS 1
| #define HAVE_SYS_TYPES_H 1
| #define HAVE_SYS_STAT_H 1
| #define HAVE_STDLIB_H 1
| #define HAVE_STRING_H 1
| #define HAVE_MEMORY_H 1
| #define HAVE_STRINGS_H 1
| #define HAVE_INTTYPES_H 1
| #define HAVE_STDINT_H 1
| #define HAVE_UNISTD_H 1
| #define HAVE_DLFCN_H 1
| #ifdef __cplusplus
| extern "C" void std::exit (int) throw (); using std::exit;
| #endif
| /* end confdefs.h.  */
| /* Define shl_load to an innocuous variant, in case <limits.h> declares shl_load.
|    For example, HP-UX 11i <limits.h> declares gettimeofday.  */
| #define shl_load innocuous_shl_load
| 
| /* System header to define __stub macros and hopefully few prototypes,
|     which can conflict with char shl_load (); below.
|     Prefer <limits.h> to <assert.h> if __STDC__ is defined, since
|     <limits.h> exists even on freestanding compilers.  */
| 
| #ifdef __STDC__
| # include <limits.h>
| #else
| # include <assert.h>
| #endif
| 
| #undef shl_load
| 
| /* Override any gcc2 internal prototype to avoid an error.  */
| #ifdef __cplusplus
| extern "C"
| {
| #endif
| /* We use char because int might match the return type of a gcc2
|    builtin and then its argument prototype would still apply.  */
| char shl_load ();
| /* The GNU C library defines this for functions which it implements
|     to always fail with ENOSYS.  Some functions are actually named
|     something starting with __ and the normal name is an alias.  */
| #if defined (__stub_shl_load) || defined (__stub___shl_load)
| choke me
| #else
| char (*f) () = shl_load;
| #endif
| #ifdef __cplusplus
| }
| #endif
| 
| int
| main ()
| {
| return f != shl_load;
|   ;
|   return 0;
| }
configure:10420: result: no
configure:10425: checking for shl_load in -ldld
configure:10455: gcc -o conftest -g -O2   conftest.c -ldld   >&5
/usr/bin/ld: cannot find -ldld: No such file or directory
collect2: error: ld returned 1 exit status
configure:10461: $? = 1
configure: failed program was:
| /* confdefs.h.  */
| 
| #define PACKAGE_NAME ""
| #define PACKAGE_TARNAME ""
| #define PACKAGE_VERSION ""
| #define PACKAGE_STRING ""
| #define PACKAGE_BUGREPORT ""
| #define PACKAGE "jamin"
| #define VERSION "0.95.0"
| #define STDC_HEADERS 1
| #define HAVE_SYS_TYPES_H 1
| #define HAVE_SYS_STAT_H 1
| #define HAVE_STDLIB_H 1
| #define HAVE_STRING_H 1
| #define HAVE_MEMORY_H 1
| #define HAVE_STRINGS_H 1
| #define HAVE_INTTYPES_H 1
| #define HAVE_STDINT_H 1
| #define HAVE_UNISTD_H 1
| #define HAVE_DLFCN_H 1
| #ifdef __cplusplus
| extern "C" void std::exit (int) throw (); using std::exit;
| #endif
| /* end confdefs.h.  */
| 
| /* Override any gcc2 internal prototype to avoid an error.  */
| #ifdef __cplusplus
| extern "C"
| #endif
| /* We use char because int might match the return type of a gcc2
|    builtin and then its argument prototype would still apply.  */
| char shl_load ();
| int
| main ()
| {
| shl_load ();
|   ;
|   return 0;
| }
configure:10487: result: no
configure:10492: checking for dlopen
configure:10549: gcc -o conftest -g -O2   conftest.c  >&5
configure:10555: $? = 0
configure:10559: test -z 
			 || test ! -s conftest.err
configure:10562: $? = 0
configure:10565: test -s conftest
configure:10568: $? = 0
configure:10580: result: yes
configure:10822: checking whether a program can dlopen itself
configure:10894: gcc -o conftest -g -O2  -DHAVE_DLFCN_H  -Wl,--export-dynamic conftest.c   >&5
configure: In function 'main':
configure:10890:5: warning: implicit declaration of function 'exit' [-Wimplicit-function-declaration]
10890 | 
      |     ^   
configure:10840:1: note: include '<stdlib.h>' or provide a declaration of 'exit'
10839 | 
  +++ |+#include <stdlib.h>
10840 | #include <stdio.h>
configure:10890:5: warning: incompatible implicit declaration of built-in function 'exit' [-Wbuiltin-declaration-mismatch]
10890 | 
      |     ^   
configure:10890:5: note: include '<stdlib.h>' or provide a declaration of 'exit'
configure:10897: $? = 0
configure:10915: result: yes
configure:10920: checking whether a statically linked program can dlopen itself
configure:10992: gcc -o conftest -g -O2  -DHAVE_DLFCN_H  -Wl,--export-dynamic  conftest.c   >&5
configure: In function 'main':
configure:10988:5: warning: implicit declaration of function 'exit' [-Wimplicit-function-declaration]
10988 | 
      |     ^   
configure:10938:1: note: include '<stdlib.h>' or provide a declaration of 'exit'
10937 | 
  +++ |+#include <stdlib.h>
10938 | #include <stdio.h>
configure:10988:5: warning: incompatible implicit declaration of built-in function 'exit' [-Wbuiltin-declaration-mismatch]
10988 | 
      |     ^   
configure:10988:5: note: include '<stdlib.h>' or provide a declaration of 'exit'
configure:10995: $? = 0
configure:11013: result: yes
configure:11036: checking if libtool supports shared libraries
configure:11038: result: yes
configure:11041: checking whether to build shared libraries
configure:11099: result: yes
configure:11102: checking whether to build static libraries
configure:11106: result: no
configure:11198: creating libtool
configure:11745: checking for ld used by g++
configure:11812: result: /usr/bin/ld -m elf_x86_64
configure:11821: checking if the linker (/usr/bin/ld -m elf_x86_64) is GNU ld
configure:11836: result: yes
configure:11887: checking whether the g++ linker (/usr/bin/ld -m elf_x86_64) supports shared libraries
configure:12715: result: yes
configure:12733: g++ -c -g -O2  conftest.cc >&5
configure:12736: $? = 0
configure:12832: checking for g++ option to produce PIC
configure:13084: result: -fPIC
configure:13092: checking if g++ PIC flag -fPIC works
configure:13110: g++ -c -g -O2  -fPIC -DPIC conftest.cc >&5
configure:13114: $? = 0
configure:13125: result: yes
configure:13149: checking if g++ supports -c -o file.o
configure:13170: g++ -c -g -O2  -o out/conftest2.o conftest.cc >&5
configure:13174: $? = 0
configure:13194: result: yes
configure:13220: checking whether the g++ linker (/usr/bin/ld -m elf_x86_64) supports shared libraries
configure:13245: result: yes
configure:13316: checking dynamic linker characteristics
configure:13682: g++ -c -g -O2  conftest.cc >&5
configure:13685: $? = 0
configure:13877: result: GNU/Linux ld.so
configure:13881: checking how to hardcode library paths into programs
configure:13906: result: immediate
configure:13920: checking whether stripping libraries is possible
configure:13925: result: yes
configure:14051: checking for shl_load
configure:14139: result: no
configure:14144: checking for shl_load in -ldld
configure:14206: result: no
configure:14211: checking for dlopen
configure:14299: result: yes
configure:14541: checking whether a program can dlopen itself
configure:14634: result: yes
configure:14639: checking whether a statically linked program can dlopen itself
configure:14732: result: yes
configure:21271: checking for perl
configure:21289: found /usr/bin/perl
configure:21301: result: /usr/bin/perl
configure:21319: checking for XML::Parser
configure:21322: result: ok
configure:21358: checking for pthread_self in -lpthread
configure:21388: gcc -o conftest    conftest.c -lpthread   >&5
configure:21394: $? = 0
configure:21398: test -z 
			 || test ! -s conftest.err
configure:21401: $? = 0
configure:21404: test -s conftest
configure:21407: $? = 0
configure:21420: result: yes
configure:21435: checking for sched_getscheduler
configure:21492: gcc -o conftest    conftest.c -lpthread  >&5
configure:21498: $? = 0
configure:21502: test -z 
			 || test ! -s conftest.err
configure:21505: $? = 0
configure:21508: test -s conftest
configure:21511: $? = 0
configure:21523: result: yes
configure:21540: checking for pkg-config
configure:21558: found /usr/bin/pkg-config
configure:21571: result: /usr/bin/pkg-config
configure:21588: checking for jack >= 0.80.0
configure:21592: result: yes
configure:21596: checking JACK_CFLAGS
configure:21599: result: 
configure:21602: checking JACK_LIBS
configure:21605: result: -ljack 
configure:21632: checking for jack_client_create_thread in -ljack
configure:21662: gcc -o conftest    conftest.c -ljack  -lpthread  >&5
configure:21668: $? = 0
configure:21672: test -z 
			 || test ! -s conftest.err
configure:21675: $? = 0
configure:21678: test -s conftest
configure:21681: $? = 0
configure:21694: result: yes
configure:21709: checking for jack_create_thread in -ljack
configure:21739: gcc -o conftest    conftest.c -ljack  -lpthread  >&5
/usr/bin/ld: /tmp/ccLq7LcN.o: in function `main':
conftest.c:(.text+0xe): undefined reference to `jack_create_thread'
collect2: error: ld returned 1 exit status
configure:21745: $? = 1
configure: failed program was:
| /* confdefs.h.  */
| 
| #define PACKAGE_NAME ""
| #define PACKAGE_TARNAME ""
| #define PACKAGE_VERSION ""
| #define PACKAGE_STRING ""
| #define PACKAGE_BUGREPORT ""
| #define PACKAGE "jamin"
| #define VERSION "0.95.0"
| #define STDC_HEADERS 1
| #define HAVE_SYS_TYPES_H 1
| #define HAVE_SYS_STAT_H 1
| #define HAVE_STDLIB_H 1
| #define HAVE_STRING_H 1
| #define HAVE_MEMORY_H 1
| #define HAVE_STRINGS_H 1
| #define HAVE_INTTYPES_H 1
| #define HAVE_STDINT_H 1
| #define HAVE_UNISTD_H 1
| #define HAVE_DLFCN_H 1
| #ifdef __cplusplus
| extern "C" void std::exit (int) throw (); using std::exit;
| #endif
| #define HAVE_LIBPTHREAD 1
| #define HAVE_POSIX_SCHED
| #define HAVE_JACK_CLIENT_CREATE_THREAD
| #define HAVE_JACK_CREATE_THREAD
| /* end confdefs.h.  */
| 
| /* Override any gcc2 internal prototype to avoid an error.  */
| #ifdef __cplusplus
| extern "C"
| #endif
| /* We use char because int might match the return type of a gcc2
|    builtin and then its argument prototype would still apply.  */
| char jack_create_thread ();
| int
| main ()
| {
| jack_create_thread ();
|   ;
|   return 0;
| }
configure:21771: result: no
configure:21781: checking for jack_ringbuffer_create in -ljack
configure:21811: gcc -o conftest    conftest.c -ljack  -lpthread  >&5
configure:21817: $? = 0
configure:21821: test -z 
			 || test ! -s conftest.err
configure:21824: $? = 0
configure:21827: test -s conftest
configure:21830: $? = 0
configure:21843: result: yes
configure:21853: checking for jack_client_name_size in -ljack
configure:21883: gcc -o conftest    conftest.c -ljack  -lpthread  >&5
configure:21889: $? = 0
configure:21893: test -z 
			 || test ! -s conftest.err
configure:21896: $? = 0
configure:21899: test -s conftest
configure:21902: $? = 0
configure:21915: result: yes
configure:21925: checking for jack_client_open in -ljack
configure:21955: gcc -o conftest    conftest.c -ljack  -lpthread  >&5
configure:21961: $? = 0
configure:21965: test -z 
			 || test ! -s conftest.err
configure:21968: $? = 0
configure:21971: test -s conftest
configure:21974: $? = 0
configure:21987: result: yes
configure:22156: checking for fftw3f >= 3.0
configure:22160: result: yes
configure:22164: checking FFTW_CFLAGS
configure:22167: result: -I/usr/local/include 
configure:22170: checking FFTW_LIBS
configure:22173: result: -L/usr/local/lib -lfftw3f 
configure:22268: checking for libxml-2.0 >= 2.0
configure:22272: result: yes
configure:22276: checking XML_CFLAGS
configure:22279: result: -I/usr/include/libxml2 
configure:22282: checking XML_LIBS
configure:22285: result: -lxml2 
configure:22379: checking for liblo >= 0.5
configure:22423: WARNING: liblo not available, OSC support will not be built
configure:22443: checking for sqrt in -lm
configure:22473: gcc -o conftest    conftest.c -lm  -lpthread  >&5
conftest.c:40:6: warning: conflicting types for built-in function 'sqrt'; expected 'double(double)' [-Wbuiltin-declaration-mismatch]
   40 | char sqrt ();
      |      ^~~~
conftest.c:1:1: note: 'sqrt' is declared in header '<math.h>'
    1 | /* confdefs.h.  */
configure:22479: $? = 0
configure:22483: test -z 
			 || test ! -s conftest.err
configure:22486: $? = 0
configure:22489: test -s conftest
configure:22492: $? = 0
configure:22505: result: yes
configure:22521: checking for log10f in -lm
configure:22551: gcc -o conftest    conftest.c -lm  -lm -lpthread  >&5
conftest.c:41:6: warning: conflicting types for built-in function 'log10f'; expected 'float(float)' [-Wbuiltin-declaration-mismatch]
   41 | char log10f ();
      |      ^~~~~~
conftest.c:1:1: note: 'log10f' is declared in header '<math.h>'
    1 | /* confdefs.h.  */
configure:22557: $? = 0
configure:22561: test -z 
			 || test ! -s conftest.err
configure:22564: $? = 0
configure:22567: test -s conftest
configure:22570: $? = 0
configure:22583: result: yes
configure:22730: checking for gtk+-2.0 >= 1.3.13
configure:22734: result: yes
configure:22738: checking PACKAGE_CFLAGS
configure:22741: result: -I/usr/include/gtk-2.0 -I/usr/lib/x86_64-linux-gnu/gtk-2.0/include -I/usr/include/pango-1.0 -I/usr/include/glib-2.0 -I/usr/lib/x86_64-linux-gnu/glib-2.0/include -I/usr/include/harfbuzz -I/usr/include/freetype2 -I/usr/include/libpng16 -I/usr/include/libmount -I/usr/include/blkid -I/usr/include/fribidi -I/usr/include/cairo -I/usr/include/pixman-1 -I/usr/include/gdk-pixbuf-2.0 -I/usr/include/x86_64-linux-gnu -I/usr/include/webp -I/usr/include/atk-1.0 -pthread 
configure:22744: checking PACKAGE_LIBS
configure:22747: result: -lgtk-x11-2.0 -lgdk-x11-2.0 -lpangocairo-1.0 -latk-1.0 -lcairo -lgdk_pixbuf-2.0 -lgio-2.0 -lpangoft2-1.0 -lpango-1.0 -lgobject-2.0 -lglib-2.0 -lharfbuzz -lfontconfig -lfreetype 
configure:22798: checking locale.h usability
configure:22810: gcc -c   conftest.c >&5
configure:22816: $? = 0
configure:22820: test -z 
			 || test ! -s conftest.err
configure:22823: $? = 0
configure:22826: test -s conftest.o
configure:22829: $? = 0
configure:22839: result: yes
configure:22843: checking locale.h presence
configure:22853: gcc -E  conftest.c
configure:22859: $? = 0
configure:22879: result: yes
configure:22914: checking for locale.h
configure:22921: result: yes
configure:22935: checking for LC_MESSAGES
configure:22956: gcc -o conftest    conftest.c -lm -lm -lpthread  >&5
configure:22962: $? = 0
configure:22966: test -z 
			 || test ! -s conftest.err
configure:22969: $? = 0
configure:22972: test -s conftest
configure:22975: $? = 0
configure:22987: result: yes
configure:23016: checking libintl.h usability
configure:23028: gcc -c   conftest.c >&5
configure:23034: $? = 0
configure:23038: test -z 
			 || test ! -s conftest.err
configure:23041: $? = 0
configure:23044: test -s conftest.o
configure:23047: $? = 0
configure:23057: result: yes
configure:23061: checking libintl.h presence
configure:23071: gcc -E  conftest.c
configure:23077: $? = 0
configure:23097: result: yes
configure:23132: checking for libintl.h
configure:23139: result: yes
configure:23150: checking for dgettext in libc
configure:23173: gcc -o conftest    conftest.c -lm -lm -lpthread  >&5
conftest.c: In function 'main':
conftest.c:44:8: warning: cast from pointer to integer of different size [-Wpointer-to-int-cast]
   44 | return (int) dgettext ("","")
      |        ^
configure:23179: $? = 0
configure:23183: test -z 
			 || test ! -s conftest.err
configure:23186: $? = 0
configure:23189: test -s conftest
configure:23192: $? = 0
configure:23205: result: yes
configure:23213: checking for bind_textdomain_codeset
configure:23270: gcc -o conftest    conftest.c -lm -lm -lpthread  >&5
configure:23276: $? = 0
configure:23280: test -z 
			 || test ! -s conftest.err
configure:23283: $? = 0
configure:23286: test -s conftest
configure:23289: $? = 0
configure:23301: result: yes
configure:23673: checking for msgfmt
configure:23700: result: /usr/bin/msgfmt
configure:23713: checking for dcgettext
configure:23770: gcc -o conftest    conftest.c -lm -lm -lpthread   >&5
conftest.c:64:6: warning: conflicting types for built-in function 'dcgettext'; expected 'char *(const char *, const char *, int)' [-Wbuiltin-declaration-mismatch]
   64 | char dcgettext ();
      |      ^~~~~~~~~
configure:23776: $? = 0
configure:23780: test -z 
			 || test ! -s conftest.err
configure:23783: $? = 0
configure:23786: test -s conftest
configure:23789: $? = 0
configure:23801: result: yes
configure:23813: checking for gmsgfmt
configure:23844: result: /usr/bin/msgfmt
configure:23853: checking for xgettext
configure:23880: result: /usr/bin/xgettext
configure:23904: gcc -o conftest    conftest.c -lm -lm -lpthread   >&5
configure:23910: $? = 0
configure:23914: test -z 
			 || test ! -s conftest.err
configure:23917: $? = 0
configure:23920: test -s conftest
configure:23923: $? = 0
configure:24096: checking for catalogs to be installed
configure:24121: result:  ru
configure:24166: checking for ANSI C header files
configure:24322: result: yes
configure:24339: checking for stdlib.h
configure:24344: result: yes
configure:24339: checking for string.h
configure:24344: result: yes
configure:24339: checking for unistd.h
configure:24344: result: yes
configure:24487: checking for an ANSI C-conforming const
configure:24584: result: yes
configure:24594: checking for inline
configure:24646: result: inline
configure:24671: checking for atexit
configure:24728: gcc -o conftest    conftest.c -lm -lm -lpthread  >&5
configure:24734: $? = 0
configure:24738: test -z 
			 || test ! -s conftest.err
configure:24741: $? = 0
configure:24744: test -s conftest
configure:24747: $? = 0
configure:24759: result: yes
configure:24922: creating ./config.status

## ---------------------- ##
## Running config.status. ##
## ---------------------- ##

This file was extended by config.status, which was
generated by GNU Autoconf 2.59.  Invocation command line was

  CONFIG_FILES    = 
  CONFIG_HEADERS  = 
  CONFIG_LINKS    = 
  CONFIG_COMMANDS = 
  $ ./config.status 

on toup-GL62M-7RDX

config.status:783: creating Makefile
config.status:783: creating data/Makefile
config.status:783: creating po/Makefile.in
config.status:783: creating src/Makefile
config.status:783: creating src/jamin.1
config.status:783: creating pixmaps/Makefile
config.status:783: creating examples/Makefile
config.status:783: creating controller/Makefile
config.status:783: creating examples/jamin_ui
config.status:783: creating examples/marble_jamin_ui
config.status:887: creating config.h
config.status:1235: executing depfiles commands
config.status:1235: executing default-1 commands
config.status:1235: executing default-2 commands

## ---------------- ##
## Cache variables. ##
## ---------------- ##

ac_cv_build=x86_64-unknown-linux-gnu
ac_cv_build_alias=x86_64-unknown-linux-gnu
ac_cv_c_compiler_gnu=yes
ac_cv_c_const=yes
ac_cv_c_inline=inline
ac_cv_c_volatile=yes
ac_cv_cxx_compiler_gnu=yes
ac_cv_env_CC_set=
ac_cv_env_CC_value=
ac_cv_env_CFLAGS_set=
ac_cv_env_CFLAGS_value=
ac_cv_env_CPPFLAGS_set=
ac_cv_env_CPPFLAGS_value=
ac_cv_env_CPP_set=
ac_cv_env_CPP_value=
ac_cv_env_CXXCPP_set=
ac_cv_env_CXXCPP_value=
ac_cv_env_CXXFLAGS_set=
ac_cv_env_CXXFLAGS_value=
ac_cv_env_CXX_set=
ac_cv_env_CXX_value=
ac_cv_env_F77_set=
ac_cv_env_F77_value=
ac_cv_env_FFLAGS_set=
ac_cv_env_FFLAGS_value=
ac_cv_env_LDFLAGS_set=
ac_cv_env_LDFLAGS_value=
ac_cv_env_build_alias_set=
ac_cv_env_build_alias_value=
ac_cv_env_host_alias_set=
ac_cv_env_host_alias_value=
ac_cv_env_target_alias_set=
ac_cv_env_target_alias_value=
ac_cv_exeext=
ac_cv_f77_compiler_gnu=no
ac_cv_func_atexit=yes
ac_cv_func_bind_textdomain_codeset=yes
ac_cv_func_dcgettext=yes
ac_cv_func_dlopen=yes
ac_cv_func_sched_getscheduler=yes
ac_cv_func_shl_load=no
ac_cv_header_dlfcn_h=yes
ac_cv_header_inttypes_h=yes
ac_cv_header_libintl_h=yes
ac_cv_header_locale_h=yes
ac_cv_header_memory_h=yes
ac_cv_header_stdc=yes
ac_cv_header_stdint_h=yes
ac_cv_header_stdlib_h=yes
ac_cv_header_string_h=yes
ac_cv_header_strings_h=yes
ac_cv_header_sys_stat_h=yes
ac_cv_header_sys_types_h=yes
ac_cv_header_unistd_h=yes
ac_cv_host=x86_64-unknown-linux-gnu
ac_cv_host_alias=x86_64-unknown-linux-gnu
ac_cv_lib_dld_shl_load=no
ac_cv_lib_jack_jack_client_create_thread=yes
ac_cv_lib_jack_jack_client_name_size=yes
ac_cv_lib_jack_jack_client_open=yes
ac_cv_lib_jack_jack_create_thread=no
ac_cv_lib_jack_jack_ringbuffer_create=yes
ac_cv_lib_m_log10f=yes
ac_cv_lib_m_sqrt=yes
ac_cv_lib_pthread_pthread_self=yes
ac_cv_objext=o
ac_cv_path_GMSGFMT=/usr/bin/msgfmt
ac_cv_path_INTLTOOL_PERL=/usr/bin/perl
ac_cv_path_MSGFMT=/usr/bin/msgfmt
ac_cv_path_PKG_CONFIG=/usr/bin/pkg-config
ac_cv_path_XGETTEXT=/usr/bin/xgettext
ac_cv_path_install='/usr/bin/install -c'
ac_cv_prog_AWK=mawk
ac_cv_prog_CPP='gcc -E'
ac_cv_prog_CXXCPP='g++ -E'
ac_cv_prog_ac_ct_AR=ar
ac_cv_prog_ac_ct_CC=gcc
ac_cv_prog_ac_ct_CXX=g++
ac_cv_prog_ac_ct_RANLIB=ranlib
ac_cv_prog_ac_ct_STRIP=strip
ac_cv_prog_cc_g=yes
ac_cv_prog_cc_stdc=
ac_cv_prog_cxx_g=yes
ac_cv_prog_egrep='grep -E'
ac_cv_prog_f77_g=no
ac_cv_prog_make_make_set=yes
ac_cv_search_strerror='none required'
am_cv_CC_dependencies_compiler_type=gcc3
am_cv_CXX_dependencies_compiler_type=gcc3
am_cv_prog_cc_stdc=
am_cv_val_LC_MESSAGES=yes
gt_cv_func_dgettext_libc=yes
gt_cv_func_dgettext_libintl=no
gt_cv_have_gettext=yes
lt_cv_deplibs_check_method=pass_all
lt_cv_dlopen=dlopen
lt_cv_dlopen_libs=
lt_cv_dlopen_self=yes
lt_cv_dlopen_self_static=yes
lt_cv_file_magic_cmd='$MAGIC_CMD'
lt_cv_file_magic_test_file='/lib/libc.so* /lib/libc-*.so'
lt_cv_ld_reload_flag=-r
lt_cv_objdir=.libs
lt_cv_path_LD=/usr/bin/ld
lt_cv_path_LDCXX='/usr/bin/ld -m elf_x86_64'
lt_cv_path_NM='/usr/bin/nm -B'
lt_cv_path_SED=/usr/bin/sed
lt_cv_prog_compiler_c_o=yes
lt_cv_prog_compiler_c_o_CXX=yes
lt_cv_prog_compiler_rtti_exceptions=no
lt_cv_prog_gnu_ld=yes
lt_cv_prog_gnu_ldcxx=yes
lt_cv_sys_global_symbol_pipe='sed -n -e '\''s/^.*[ 	]\([ABCDGIRSTW][ABCDGIRSTW]*\)[ 	][ 	]*\(\)\([_A-Za-z][_A-Za-z0-9]*\)$/\1 \2\3 \3/p'\'''
lt_cv_sys_global_symbol_to_c_name_address='sed -n -e '\''s/^: \([^ ]*\) $/  {\"\1\", (lt_ptr) 0},/p'\'' -e '\''s/^[BCDEGRST] \([^ ]*\) \([^ ]*\)$/  {"\2", (lt_ptr) \&\2},/p'\'''
lt_cv_sys_global_symbol_to_cdecl='sed -n -e '\''s/^. .* \(.*\)$/extern int \1;/p'\'''
lt_cv_sys_max_cmd_len=32768
lt_lt_cv_prog_compiler_c_o='"yes"'
lt_lt_cv_prog_compiler_c_o_CXX='"yes"'
lt_lt_cv_sys_global_symbol_pipe='"sed -n -e '\''s/^.*[ 	]\\([ABCDGIRSTW][ABCDGIRSTW]*\\)[ 	][ 	]*\\(\\)\\([_A-Za-z][_A-Za-z0-9]*\\)\$/\\1 \\2\\3 \\3/p'\''"'
lt_lt_cv_sys_global_symbol_to_c_name_address='"sed -n -e '\''s/^: \\([^ ]*\\) \$/  {\\\"\\1\\\", (lt_ptr) 0},/p'\'' -e '\''s/^[BCDEGRST] \\([^ ]*\\) \\([^ ]*\\)\$/  {\"\\2\", (lt_ptr) \\&\\2},/p'\''"'
lt_lt_cv_sys_global_symbol_to_cdecl='"sed -n -e '\''s/^. .* \\(.*\\)\$/extern int \\1;/p'\''"'

## ----------------- ##
## Output variables. ##
## ----------------- ##

ACLOCAL='${SHELL} /home/toup/Downloads/jamin-0.95.0/missing --run aclocal-1.9'
AMDEPBACKSLASH='\'
AMDEP_FALSE='#'
AMDEP_TRUE=''
AMTAR='${SHELL} /home/toup/Downloads/jamin-0.95.0/missing --run tar'
AR='ar'
AUTOCONF='${SHELL} /home/toup/Downloads/jamin-0.95.0/missing --run autoconf'
AUTOHEADER='${SHELL} /home/toup/Downloads/jamin-0.95.0/missing --run autoheader'
AUTOMAKE='${SHELL} /home/toup/Downloads/jamin-0.95.0/missing --run automake-1.9'
AWK='mawk'
CATALOGS=' ru.gmo'
CATOBJEXT='.gmo'
CC='gcc'
CCDEPMODE='depmode=gcc3'
CFLAGS=''
CFLAGS_OPT='-g -O2'
CPP='gcc -E'
CPPFLAGS=''
CXX='g++'
CXXCPP='g++ -E'
CXXDEPMODE='depmode=gcc3'
CXXFLAGS='-g -O2'
CYGPATH_W='echo'
DATADIRNAME='share'
DEFS='-DHAVE_CONFIG_H'
DEPDIR='.deps'
ECHO='echo'
ECHO_C=''
ECHO_N='-n'
ECHO_T=''
EGREP='grep -E'
EXEEXT=''
F77=''
FFLAGS=''
FFTW_CFLAGS='-I/usr/local/include '
FFTW_LIBS='-L/usr/local/lib -lfftw3f '
GETTEXT_PACKAGE='jamin'
GMOFILES=' ru.gmo'
GMSGFMT='/usr/bin/msgfmt'
INSTALL_DATA='${INSTALL} -m 644'
INSTALL_PROGRAM='${INSTALL}'
INSTALL_SCRIPT='${INSTALL}'
INSTALL_STRIP_PROGRAM='${SHELL} $(install_sh) -c -s'
INSTOBJEXT='.mo'
INTLLIBS=''
INTLTOOL_CAVES_RULE='%.caves:     %.caves.in     $(INTLTOOL_MERGE) $(wildcard $(top_srcdir)/po/*.po) ; LC_ALL=C $(INTLTOOL_MERGE) -d -u -c $(top_builddir)/po/.intltool-merge-cache $(top_srcdir)/po $< $@'
INTLTOOL_DESKTOP_RULE='%.desktop:   %.desktop.in   $(INTLTOOL_MERGE) $(wildcard $(top_srcdir)/po/*.po) ; LC_ALL=C $(INTLTOOL_MERGE) -d -u -c $(top_builddir)/po/.intltool-merge-cache $(top_srcdir)/po $< $@'
INTLTOOL_DIRECTORY_RULE='%.directory: %.directory.in $(INTLTOOL_MERGE) $(wildcard $(top_srcdir)/po/*.po) ; LC_ALL=C $(INTLTOOL_MERGE) -d -u -c $(top_builddir)/po/.intltool-merge-cache $(top_srcdir)/po $< $@'
INTLTOOL_EXTRACT='$(top_builddir)/intltool-extract'
INTLTOOL_KBD_RULE='%.kbd:       %.kbd.in       $(INTLTOOL_MERGE) $(wildcard $(top_srcdir)/po/*.po) ; LC_ALL=C $(INTLTOOL_MERGE) -x -u -m -c $(top_builddir)/po/.intltool-merge-cache $(top_srcdir)/po $< $@'
INTLTOOL_KEYS_RULE='%.keys:      %.keys.in      $(INTLTOOL_MERGE) $(wildcard $(top_srcdir)/po/*.po) ; LC_ALL=C $(INTLTOOL_MERGE) -k -u -c $(top_builddir)/po/.intltool-merge-cache $(top_srcdir)/po $< $@'
INTLTOOL_MERGE='$(top_builddir)/intltool-merge'
INTLTOOL_OAF_RULE='%.oaf:       %.oaf.in       $(INTLTOOL_MERGE) $(wildcard $(top_srcdir)/po/*.po) ; LC_ALL=C $(INTLTOOL_MERGE) -o -p $(top_srcdir)/po $< $@'
INTLTOOL_PERL='/usr/bin/perl'
INTLTOOL_PONG_RULE='%.pong:      %.pong.in      $(INTLTOOL_MERGE) $(wildcard $(top_srcdir)/po/*.po) ; LC_ALL=C $(INTLTOOL_MERGE) -x -u -c $(top_builddir)/po/.intltool-merge-cache $(top_srcdir)/po $< $@'
INTLTOOL_PROP_RULE='%.prop:      %.prop.in      $(INTLTOOL_MERGE) $(wildcard $(top_srcdir)/po/*.po) ; LC_ALL=C $(INTLTOOL_MERGE) -d -u -c $(top_builddir)/po/.intltool-merge-cache $(top_srcdir)/po $< $@'
INTLTOOL_SCHEMAS_RULE='%.schemas:   %.schemas.in   $(INTLTOOL_MERGE) $(wildcard $(top_srcdir)/po/*.po) ; LC_ALL=C $(INTLTOOL_MERGE) -s -u -c $(top_builddir)/po/.intltool-merge-cache $(top_srcdir)/po $< $@'
INTLTOOL_SERVER_RULE='%.server:    %.server.in    $(INTLTOOL_MERGE) $(wildcard $(top_srcdir)/po/*.po) ; LC_ALL=C $(INTLTOOL_MERGE) -o -u -c $(top_builddir)/po/.intltool-merge-cache $(top_srcdir)/po $< $@'
INTLTOOL_SHEET_RULE='%.sheet:     %.sheet.in     $(INTLTOOL_MERGE) $(wildcard $(top_srcdir)/po/*.po) ; LC_ALL=C $(INTLTOOL_MERGE) -x -u -c $(top_builddir)/po/.intltool-merge-cache $(top_srcdir)/po $< $@'
INTLTOOL_SOUNDLIST_RULE='%.soundlist: %.soundlist.in $(INTLTOOL_MERGE) $(wildcard $(top_srcdir)/po/*.po) ; LC_ALL=C $(INTLTOOL_MERGE) -d -u -c $(top_builddir)/po/.intltool-merge-cache $(top_srcdir)/po $< $@'
INTLTOOL_THEME_RULE='%.theme:     %.theme.in     $(INTLTOOL_MERGE) $(wildcard $(top_srcdir)/po/*.po) ; LC_ALL=C $(INTLTOOL_MERGE) -d -u -c $(top_builddir)/po/.intltool-merge-cache $(top_srcdir)/po $< $@'
INTLTOOL_UI_RULE='%.ui:        %.ui.in        $(INTLTOOL_MERGE) $(wildcard $(top_srcdir)/po/*.po) ; LC_ALL=C $(INTLTOOL_MERGE) -x -u -c $(top_builddir)/po/.intltool-merge-cache $(top_srcdir)/po $< $@'
INTLTOOL_UPDATE='$(top_builddir)/intltool-update'
INTLTOOL_XAM_RULE='%.xam:       %.xml.in       $(INTLTOOL_MERGE) $(wildcard $(top_srcdir)/po/*.po) ; LC_ALL=C $(INTLTOOL_MERGE) -x -u -c $(top_builddir)/po/.intltool-merge-cache $(top_srcdir)/po $< $@'
INTLTOOL_XML_RULE='%.xml:       %.xml.in       $(INTLTOOL_MERGE) $(wildcard $(top_srcdir)/po/*.po) ; LC_ALL=C $(INTLTOOL_MERGE) -x -u -c $(top_builddir)/po/.intltool-merge-cache $(top_srcdir)/po $< $@'
JACK_CFLAGS=''
JACK_LIBS='-ljack '
JAMIN_CFLAGS='-g -I/usr/local/include   -I/usr/include/libxml2   -Wall'
JAMIN_LIBS='-L/usr/local/lib -lfftw3f  -lxml2  -ljack  '
LDFLAGS=''
LIBOBJS=''
LIBS='-lm -lm -lpthread '
LIBTOOL='$(SHELL) $(top_builddir)/libtool'
LN_S='ln -s'
LTLIBOBJS=''
MAINT='#'
MAINTAINER_MODE_FALSE=''
MAINTAINER_MODE_TRUE='#'
MAKEINFO='${SHELL} /home/toup/Downloads/jamin-0.95.0/missing --run makeinfo'
MKINSTALLDIRS='./mkinstalldirs'
MSGFMT='/usr/bin/msgfmt'
OBJEXT='o'
OSC_CFLAGS=''
OSC_LIBS=''
OSC_PROGS=''
PACKAGE='jamin'
PACKAGE_BUGREPORT=''
PACKAGE_CFLAGS='-I/usr/include/gtk-2.0 -I/usr/lib/x86_64-linux-gnu/gtk-2.0/include -I/usr/include/pango-1.0 -I/usr/include/glib-2.0 -I/usr/lib/x86_64-linux-gnu/glib-2.0/include -I/usr/include/harfbuzz -I/usr/include/freetype2 -I/usr/include/libpng16 -I/usr/include/libmount -I/usr/include/blkid -I/usr/include/fribidi -I/usr/include/cairo -I/usr/include/pixman-1 -I/usr/include/gdk-pixbuf-2.0 -I/usr/include/x86_64-linux-gnu -I/usr/include/webp -I/usr/include/atk-1.0 -pthread '
PACKAGE_LIBS='-lgtk-x11-2.0 -lgdk-x11-2.0 -lpangocairo-1.0 -latk-1.0 -lcairo -lgdk_pixbuf-2.0 -lgio-2.0 -lpangoft2-1.0 -lpango-1.0 -lgobject-2.0 -lglib-2.0 -lharfbuzz -lfontconfig -lfreetype '
PACKAGE_NAME=''
PACKAGE_STRING=''
PACKAGE_TARNAME=''
PACKAGE_VERSION=''
PATH_SEPARATOR=':'
PKG_CONFIG='/usr/bin/pkg-config'
POFILES=' ru.po'
POSUB='po'
PO_IN_DATADIR_FALSE=''
PO_IN_DATADIR_TRUE=''
RANLIB='ranlib'
SET_MAKE=''
SHELL='/bin/bash'
STRIP='strip'
USE_NLS='yes'
USE_OSC_FALSE=''
USE_OSC_TRUE='#'
VERSION='0.95.0'
XGETTEXT='/usr/bin/xgettext'
XML_CFLAGS='-I/usr/include/libxml2 '
XML_LIBS='-lxml2 '
ac_ct_AR='ar'
ac_ct_CC='gcc'
ac_ct_CXX='g++'
ac_ct_F77=''
ac_ct_RANLIB='ranlib'
ac_ct_STRIP='strip'
am__fastdepCC_FALSE='#'
am__fastdepCC_TRUE=''
am__fastdepCXX_FALSE='#'
am__fastdepCXX_TRUE=''
am__include='include'
am__leading_dot='.'
am__quote=''
am__tar='${AMTAR} chof - "$$tardir"'
am__untar='${AMTAR} xf -'
bindir='${exec_prefix}/bin'
build='x86_64-unknown-linux-gnu'
build_alias=''
build_cpu='x86_64'
build_os='linux-gnu'
build_vendor='unknown'
datadir='${prefix}/share'
exec_prefix='${prefix}'
host='x86_64-unknown-linux-gnu'
host_alias=''
host_cpu='x86_64'
host_os='linux-gnu'
host_vendor='unknown'
includedir='${prefix}/include'
infodir='${prefix}/info'
install_sh='/home/toup/Downloads/jamin-0.95.0/install-sh'
libdir='${exec_prefix}/lib'
libexecdir='${exec_prefix}/libexec'
localstatedir='${prefix}/var'
mandir='${prefix}/man'
mkdir_p='mkdir -p --'
oldincludedir='/usr/include'
prefix='/usr/local'
program_transform_name='s,x,x,'
sbindir='${exec_prefix}/sbin'
sharedstatedir='${prefix}/com'
sysconfdir='${prefix}/etc'
target_alias=''

## ----------- ##
## confdefs.h. ##
## ----------- ##

#define ENABLE_NLS 1
#define FFTW_TYPE float
#define GETTEXT_PACKAGE "jamin"
#define HAVE_ATEXIT 1
#define HAVE_BIND_TEXTDOMAIN_CODESET 1
#define HAVE_DCGETTEXT 1
#define HAVE_DLFCN_H 1
#define HAVE_GETTEXT 1
#define HAVE_INTTYPES_H 1
#define HAVE_JACK_CLIENT_CREATE_THREAD
#define HAVE_JACK_CLIENT_NAME_SIZE
#define HAVE_JACK_CLIENT_OPEN
#define HAVE_JACK_CREATE_THREAD
#define HAVE_JACK_RINGBUFFER
#define HAVE_LC_MESSAGES 1
#define HAVE_LIBM 1
#define HAVE_LIBM 1
#define HAVE_LIBPTHREAD 1
#define HAVE_LOCALE_H 1
#define HAVE_MEMORY_H 1
#define HAVE_POSIX_SCHED
#define HAVE_STDINT_H 1
#define HAVE_STDLIB_H 1
#define HAVE_STDLIB_H 1
#define HAVE_STRINGS_H 1
#define HAVE_STRING_H 1
#define HAVE_STRING_H 1
#define HAVE_SYS_STAT_H 1
#define HAVE_SYS_TYPES_H 1
#define HAVE_UNISTD_H 1
#define HAVE_UNISTD_H 1
#define PACKAGE "jamin"
#define PACKAGE_BUGREPORT ""
#define PACKAGE_NAME ""
#define PACKAGE_STRING ""
#define PACKAGE_TARNAME ""
#define PACKAGE_VERSION ""
#define STDC_HEADERS 1
#define STDC_HEADERS 1
#define VERSION "0.95.0"
#endif
#ifdef __cplusplus
extern "C" void std::exit (int) throw (); using std::exit;

configure: exit 0
